E:\项目程序\全景图像\INTEGRAL IMAGE\INTEGRAL IMAGE\DEBUG\GETMATRIC.OBJ
E:\项目程序\全景图像\INTEGRAL IMAGE\INTEGRAL IMAGE\DEBUG\VC110.PDB
E:\项目程序\全景图像\INTEGRAL IMAGE\INTEGRAL IMAGE\DEBUG\TEST.OBJ
E:\项目程序\全景图像\INTEGRAL IMAGE\DEBUG\INTEGRAL IMAGE.ILK
E:\项目程序\全景图像\INTEGRAL IMAGE\DEBUG\INTEGRAL IMAGE.EXE
E:\项目程序\全景图像\INTEGRAL IMAGE\DEBUG\INTEGRAL IMAGE.PDB
E:\项目程序\全景图像\INTEGRAL IMAGE\INTEGRAL IMAGE\DEBUG\INTEGRAL IMAGE.RES
E:\项目程序\全景图像\Integral Image\Integral Image\Debug\getMatric.obj
E:\项目程序\全景图像\Integral Image\Integral Image\Debug\test.obj
E:\项目程序\全景图像\Integral Image\Integral Image\Debug\cl.command.1.tlog
E:\项目程序\全景图像\Integral Image\Integral Image\Debug\CL.read.1.tlog
E:\项目程序\全景图像\Integral Image\Integral Image\Debug\CL.write.1.tlog
E:\项目程序\全景图像\Integral Image\Integral Image\Debug\link-cvtres.read.1.tlog
E:\项目程序\全景图像\Integral Image\Integral Image\Debug\link-cvtres.write.1.tlog
E:\项目程序\全景图像\Integral Image\Integral Image\Debug\link-rc.read.1.tlog
E:\项目程序\全景图像\Integral Image\Integral Image\Debug\link-rc.write.1.tlog
E:\项目程序\全景图像\Integral Image\Integral Image\Debug\link.1376-cvtres.read.1.tlog
E:\项目程序\全景图像\Integral Image\Integral Image\Debug\link.1376-cvtres.write.1.tlog
E:\项目程序\全景图像\Integral Image\Integral Image\Debug\link.1376-rc.read.1.tlog
E:\项目程序\全景图像\Integral Image\Integral Image\Debug\link.1376-rc.write.1.tlog
E:\项目程序\全景图像\Integral Image\Integral Image\Debug\link.1376.read.1.tlog
E:\项目程序\全景图像\Integral Image\Integral Image\Debug\link.1376.write.1.tlog
E:\项目程序\全景图像\Integral Image\Integral Image\Debug\link.2056-cvtres.read.1.tlog
E:\项目程序\全景图像\Integral Image\Integral Image\Debug\link.2056-cvtres.write.1.tlog
E:\项目程序\全景图像\Integral Image\Integral Image\Debug\link.2056-rc.read.1.tlog
E:\项目程序\全景图像\Integral Image\Integral Image\Debug\link.2056-rc.write.1.tlog
E:\项目程序\全景图像\Integral Image\Integral Image\Debug\link.2056.read.1.tlog
E:\项目程序\全景图像\Integral Image\Integral Image\Debug\link.2056.write.1.tlog
E:\项目程序\全景图像\Integral Image\Integral Image\Debug\link.2660-cvtres.read.1.tlog
E:\项目程序\全景图像\Integral Image\Integral Image\Debug\link.2660-cvtres.write.1.tlog
E:\项目程序\全景图像\Integral Image\Integral Image\Debug\link.2660-rc.read.1.tlog
E:\项目程序\全景图像\Integral Image\Integral Image\Debug\link.2660-rc.write.1.tlog
E:\项目程序\全景图像\Integral Image\Integral Image\Debug\link.2660.read.1.tlog
E:\项目程序\全景图像\Integral Image\Integral Image\Debug\link.2660.write.1.tlog
E:\项目程序\全景图像\Integral Image\Integral Image\Debug\link.3348-cvtres.read.1.tlog
E:\项目程序\全景图像\Integral Image\Integral Image\Debug\link.3348-cvtres.write.1.tlog
E:\项目程序\全景图像\Integral Image\Integral Image\Debug\link.3348-rc.read.1.tlog
E:\项目程序\全景图像\Integral Image\Integral Image\Debug\link.3348-rc.write.1.tlog
E:\项目程序\全景图像\Integral Image\Integral Image\Debug\link.3348.read.1.tlog
E:\项目程序\全景图像\Integral Image\Integral Image\Debug\link.3348.write.1.tlog
E:\项目程序\全景图像\Integral Image\Integral Image\Debug\link.3528-cvtres.read.1.tlog
E:\项目程序\全景图像\Integral Image\Integral Image\Debug\link.3528-cvtres.write.1.tlog
E:\项目程序\全景图像\Integral Image\Integral Image\Debug\link.3528-rc.read.1.tlog
E:\项目程序\全景图像\Integral Image\Integral Image\Debug\link.3528-rc.write.1.tlog
E:\项目程序\全景图像\Integral Image\Integral Image\Debug\link.3528.read.1.tlog
E:\项目程序\全景图像\Integral Image\Integral Image\Debug\link.3528.write.1.tlog
E:\项目程序\全景图像\Integral Image\Integral Image\Debug\link.4400-cvtres.read.1.tlog
E:\项目程序\全景图像\Integral Image\Integral Image\Debug\link.4400-cvtres.write.1.tlog
E:\项目程序\全景图像\Integral Image\Integral Image\Debug\link.4400-rc.read.1.tlog
E:\项目程序\全景图像\Integral Image\Integral Image\Debug\link.4400-rc.write.1.tlog
E:\项目程序\全景图像\Integral Image\Integral Image\Debug\link.4400.read.1.tlog
E:\项目程序\全景图像\Integral Image\Integral Image\Debug\link.4400.write.1.tlog
E:\项目程序\全景图像\Integral Image\Integral Image\Debug\link.4408-cvtres.read.1.tlog
E:\项目程序\全景图像\Integral Image\Integral Image\Debug\link.4408-cvtres.write.1.tlog
E:\项目程序\全景图像\Integral Image\Integral Image\Debug\link.4408-rc.read.1.tlog
E:\项目程序\全景图像\Integral Image\Integral Image\Debug\link.4408-rc.write.1.tlog
E:\项目程序\全景图像\Integral Image\Integral Image\Debug\link.4408.read.1.tlog
E:\项目程序\全景图像\Integral Image\Integral Image\Debug\link.4408.write.1.tlog
E:\项目程序\全景图像\Integral Image\Integral Image\Debug\link.5716-cvtres.read.1.tlog
E:\项目程序\全景图像\Integral Image\Integral Image\Debug\link.5716-cvtres.write.1.tlog
E:\项目程序\全景图像\Integral Image\Integral Image\Debug\link.5716-rc.read.1.tlog
E:\项目程序\全景图像\Integral Image\Integral Image\Debug\link.5716-rc.write.1.tlog
E:\项目程序\全景图像\Integral Image\Integral Image\Debug\link.5716.read.1.tlog
E:\项目程序\全景图像\Integral Image\Integral Image\Debug\link.5716.write.1.tlog
E:\项目程序\全景图像\Integral Image\Integral Image\Debug\link.5988-cvtres.read.1.tlog
E:\项目程序\全景图像\Integral Image\Integral Image\Debug\link.5988-cvtres.write.1.tlog
E:\项目程序\全景图像\Integral Image\Integral Image\Debug\link.5988-rc.read.1.tlog
E:\项目程序\全景图像\Integral Image\Integral Image\Debug\link.5988-rc.write.1.tlog
E:\项目程序\全景图像\Integral Image\Integral Image\Debug\link.5988.read.1.tlog
E:\项目程序\全景图像\Integral Image\Integral Image\Debug\link.5988.write.1.tlog
E:\项目程序\全景图像\Integral Image\Integral Image\Debug\link.command.1.tlog
E:\项目程序\全景图像\Integral Image\Integral Image\Debug\link.read.1.tlog
E:\项目程序\全景图像\Integral Image\Integral Image\Debug\link.write.1.tlog
E:\项目程序\全景图像\Integral Image\Integral Image\Debug\rc.command.1.tlog
E:\项目程序\全景图像\Integral Image\Integral Image\Debug\rc.read.1.tlog
E:\项目程序\全景图像\Integral Image\Integral Image\Debug\rc.write.1.tlog
E:\项目程序\全景图像\Integral Image\Integral Image\Debug\Integral Image.res
E:\项目程序\全景图像\Integral Image\Integral Image\Debug\vc110.idb
E:\项目程序\全景图像\Integral Image\Integral Image\Debug\vc110.pdb
E:\项目程序\全景图像\Integral Image\Debug\Integral Image.pdb
E:\项目程序\全景图像\Integral Image\Debug\Integral Image.exe
E:\项目程序\全景图像\Integral Image\Debug\Integral Image.ilk
